<?xml version="1.0" encoding="UTF-8"?>
<testng-results ignored="0" total="5" passed="4" failed="1" skipped="0">
  <reporter-output>
  </reporter-output>
  <suite started-at="2025-03-20T18:02:20 IST" name="Default suite" finished-at="2025-03-20T18:02:25 IST" duration-ms="5464">
    <groups>
      <group name="CountrySelections">
        <method signature="testCall.method_four()[pri:0, instance:com.callTest.testCall@f5958c9]" name="method_four" class="com.callTest.testCall"/>
        <method signature="testCall.method_six()[pri:0, instance:com.callTest.testCall@f5958c9]" name="method_six" class="com.callTest.testCall"/>
        <method signature="testCall.method_five()[pri:0, instance:com.callTest.testCall@f5958c9]" name="method_five" class="com.callTest.testCall"/>
      </group> <!-- CountrySelections -->
    </groups>
    <test started-at="2025-03-20T18:02:20 IST" name="Default test" finished-at="2025-03-20T18:02:25 IST" duration-ms="5464">
      <class name="com.callTest.testCall">
        <test-method is-config="true" signature="method_one()[pri:0, instance:com.callTest.testCall@f5958c9]" started-at="2025-03-20T18:02:20 IST" name="method_one" finished-at="2025-03-20T18:02:20 IST" duration-ms="13" status="PASS">
          <reporter-output>
          </reporter-output>
        </test-method> <!-- method_one -->
        <test-method is-config="true" signature="method_two()[pri:0, instance:com.callTest.testCall@f5958c9]" started-at="2025-03-20T18:02:20 IST" name="method_two" finished-at="2025-03-20T18:02:21 IST" duration-ms="1519" status="PASS">
          <reporter-output>
          </reporter-output>
        </test-method> <!-- method_two -->
        <test-method is-config="true" signature="method_three()[pri:0, instance:com.callTest.testCall@f5958c9]" started-at="2025-03-20T18:02:21 IST" name="method_three" finished-at="2025-03-20T18:02:23 IST" duration-ms="1374" status="PASS">
          <reporter-output>
          </reporter-output>
        </test-method> <!-- method_three -->
        <test-method signature="method_four()[pri:0, instance:com.callTest.testCall@f5958c9]" started-at="2025-03-20T18:02:23 IST" name="method_four" finished-at="2025-03-20T18:02:23 IST" duration-ms="716" status="PASS">
          <reporter-output>
          </reporter-output>
        </test-method> <!-- method_four -->
        <test-method signature="method_six()[pri:0, instance:com.callTest.testCall@f5958c9]" started-at="2025-03-20T18:02:23 IST" name="method_six" finished-at="2025-03-20T18:02:24 IST" duration-ms="470" status="PASS">
          <reporter-output>
          </reporter-output>
        </test-method> <!-- method_six -->
        <test-method signature="method_eight()[pri:0, instance:com.callTest.testCall@f5958c9]" started-at="2025-03-20T18:02:24 IST" name="method_eight" finished-at="2025-03-20T18:02:24 IST" duration-ms="487" status="FAIL">
          <exception class="java.lang.AssertionError">
            <message>
              <![CDATA[Error h nahi chalega expected [TAx] but found [Tax Docs]]]>
            </message>
            <full-stacktrace>
              <![CDATA[java.lang.AssertionError: Error h nahi chalega expected [TAx] but found [Tax Docs]
at org.testng.Assert.fail(Assert.java:111)
at org.testng.Assert.failNotEquals(Assert.java:1590)
at org.testng.Assert.assertEqualsImpl(Assert.java:150)
at org.testng.Assert.assertEquals(Assert.java:132)
at org.testng.Assert.assertEquals(Assert.java:656)
at com.baseClass.performFunctionalities.scrollToElement(performFunctionalities.java:62)
at com.callTest.testCall.method_eight(testCall.java:60)
at java.base/jdk.internal.reflect.DirectMethodHandleAccessor.invoke(DirectMethodHandleAccessor.java:103)
at java.base/java.lang.reflect.Method.invoke(Method.java:580)
at org.testng.internal.invokers.MethodInvocationHelper.invokeMethod(MethodInvocationHelper.java:141)
at org.testng.internal.invokers.TestInvoker.invokeMethod(TestInvoker.java:687)
at org.testng.internal.invokers.TestInvoker.invokeTestMethod(TestInvoker.java:230)
at org.testng.internal.invokers.MethodRunner.runInSequence(MethodRunner.java:63)
at org.testng.internal.invokers.TestInvoker$MethodInvocationAgent.invoke(TestInvoker.java:995)
at org.testng.internal.invokers.TestInvoker.invokeTestMethods(TestInvoker.java:203)
at org.testng.internal.invokers.TestMethodWorker.invokeTestMethods(TestMethodWorker.java:154)
at org.testng.internal.invokers.TestMethodWorker.run(TestMethodWorker.java:134)
at java.base/java.util.ArrayList.forEach(ArrayList.java:1596)
at org.testng.TestRunner.privateRun(TestRunner.java:741)
at org.testng.TestRunner.run(TestRunner.java:616)
at org.testng.SuiteRunner.runTest(SuiteRunner.java:421)
at org.testng.SuiteRunner.runSequentially(SuiteRunner.java:413)
at org.testng.SuiteRunner.privateRun(SuiteRunner.java:373)
at org.testng.SuiteRunner.run(SuiteRunner.java:312)
at org.testng.SuiteRunnerWorker.runSuite(SuiteRunnerWorker.java:52)
at org.testng.SuiteRunnerWorker.run(SuiteRunnerWorker.java:95)
at org.testng.TestNG.runSuitesSequentially(TestNG.java:1274)
at org.testng.TestNG.runSuitesLocally(TestNG.java:1208)
at org.testng.TestNG.runSuites(TestNG.java:1112)
at org.testng.TestNG.run(TestNG.java:1079)
at org.testng.remote.AbstractRemoteTestNG.run(AbstractRemoteTestNG.java:115)
at org.testng.remote.RemoteTestNG.initAndRun(RemoteTestNG.java:293)
at org.testng.remote.RemoteTestNG.main(RemoteTestNG.java:91)
]]>
            </full-stacktrace>
          </exception> <!-- java.lang.AssertionError -->
          <reporter-output>
          </reporter-output>
        </test-method> <!-- method_eight -->
        <test-method signature="method_five()[pri:0, instance:com.callTest.testCall@f5958c9]" started-at="2025-03-20T18:02:24 IST" name="method_five" finished-at="2025-03-20T18:02:25 IST" duration-ms="123" status="PASS">
          <reporter-output>
          </reporter-output>
        </test-method> <!-- method_five -->
        <test-method signature="method_seven()[pri:0, instance:com.callTest.testCall@f5958c9]" started-at="2025-03-20T18:02:25 IST" name="method_seven" finished-at="2025-03-20T18:02:25 IST" depends-on-methods="com.callTest.testCall.method_six" duration-ms="436" status="PASS">
          <reporter-output>
          </reporter-output>
        </test-method> <!-- method_seven -->
        <test-method is-config="true" signature="tear_Down()[pri:0, instance:com.callTest.testCall@f5958c9]" started-at="2025-03-20T18:02:25 IST" name="tear_Down" finished-at="2025-03-20T18:02:25 IST" duration-ms="260" status="PASS">
          <reporter-output>
          </reporter-output>
        </test-method> <!-- tear_Down -->
      </class> <!-- com.callTest.testCall -->
    </test> <!-- Default test -->
  </suite> <!-- Default suite -->
</testng-results>
